<?xml version="1.0" encoding="UTF-8"?>
<testng-results ignored="0" total="2" passed="2" failed="0" skipped="0">
  <reporter-output>
  </reporter-output>
  <suite started-at="2022-02-08T15:32:41 EET" name="Default suite" finished-at="2022-02-08T15:32:46 EET" duration-ms="4336">
    <groups>
    </groups>
    <test started-at="2022-02-08T15:32:41 EET" name="Default test" finished-at="2022-02-08T15:32:46 EET" duration-ms="4336">
      <class name="findingelements.FindLinksByLinkText">
        <test-method is-config="true" signature="openURL()[pri:0, instance:findingelements.FindLinksByLinkText@4a94ee4]" started-at="2022-02-08T15:32:41 EET" name="openURL" finished-at="2022-02-08T15:32:45 EET" duration-ms="4062" status="PASS">
          <reporter-output>
          </reporter-output>
        </test-method> <!-- openURL -->
        <test-method signature="testLinkPartialText()[pri:0, instance:findingelements.FindLinksByLinkText@4a94ee4]" started-at="2022-02-08T15:32:45 EET" name="testLinkPartialText" finished-at="2022-02-08T15:32:45 EET" duration-ms="48" status="PASS">
          <reporter-output>
          </reporter-output>
        </test-method> <!-- testLinkPartialText -->
        <test-method signature="testLinkText()[pri:0, instance:findingelements.FindLinksByLinkText@4a94ee4]" started-at="2022-02-08T15:32:45 EET" name="testLinkText" finished-at="2022-02-08T15:32:45 EET" duration-ms="35" status="PASS">
          <reporter-output>
          </reporter-output>
        </test-method> <!-- testLinkText -->
        <test-method is-config="true" signature="closeDriver()[pri:0, instance:findingelements.FindLinksByLinkText@4a94ee4]" started-at="2022-02-08T15:32:45 EET" name="closeDriver" finished-at="2022-02-08T15:32:46 EET" duration-ms="156" status="PASS">
          <reporter-output>
          </reporter-output>
        </test-method> <!-- closeDriver -->
      </class> <!-- findingelements.FindLinksByLinkText -->
    </test> <!-- Default test -->
  </suite> <!-- Default suite -->
</testng-results>
